C:\Users\dplam\Downloads\exercices1.py
C:\Users\dplam\Downloads\diakubama-plamedi-functionswithif.py
C:\Users\dplam\Downloads\diakubama-plamedi-conditional execution.py
C:\Users\dplam\Downloads\diakubama-plamedi-variables.py
C:\Users\dplam\Downloads\readfile.py
C:\Users\dplam\Downloads\Diakubama-Plamedi-PythonLists.py
C:\Users\dplam\Downloads\Diakubama-Plamedi-fileoutput.py
C:\Users\dplam\Downloads\cheg.py
C:\Users\dplam\Downloads\Diakubama-Plamedi-readfile.py
C:\Users\dplam\Downloads\emails.py
C:\Users\dplam\Downloads\fileoutput.py
C:\Users\dplam\Downloads\Diakubama-Plamedi-loops3.py
C:\Users\dplam\Downloads\Diakubama-plamedi-loops.py
C:\Users\dplam\Downloads\read.py
C:\Users\dplam\Downloads\Diakubama-plamedi-strings.py
C:\Users\dplam\Downloads\strings.py
C:\Users\dplam\Downloads\Diakubama-Plamedi-loops2.py
C:\Users\dplam\Downloads\Diakubam-Plamedi-loops3.py
C:\Users\dplam\Downloads\gpa.py
C:\Users\dplam\Downloads\Diakubama-Plamedi-functions11.py
C:\Users\dplam\Downloads\main.py
